----------------------------------------------------------------
    .----..-..-.   .-..----. .-.   .----..-.    .----.  .---. 
   { {__  | ||  `.'  || {}  }| |   | {_  | |   /  {}  \/   __} 
   .-._} }| || |\ /| || .--' | `--.| {__ | `--.\      /\  {_ } 
   `----' `-'`-' ` `-'`-'    `----'`----'`----' `----'  `---'
----------------------------------------------------------------
Log file created on: 09:08:08 21-07-2022


[09:08:08 21-07-2022][Warning] -> I recieved an error message;
[11:11:19 21-07-2022][Warning] -> I recieved an error message;
[12:59:49 21-07-2022][Warning] -> I recieved an error message;
[12:59:55 21-07-2022][Warning] -> I recieved an error message;
[12:59:55 21-07-2022][Warning] -> I recieved an error message;
[12:59:56 21-07-2022][Warning] -> I recieved an error message;
[12:59:57 21-07-2022][Warning] -> I recieved an error message;
[12:59:58 21-07-2022][Warning] -> I recieved an error message;
[13:00:15 21-07-2022][Success] -> Successfully wrote to log file.;
[13:00:31 21-07-2022][Error] -> Error: wrote to log file.;
[13:00:32 21-07-2022][Error] -> Error: wrote to log file.;
[13:01:09 21-07-2022] -> Some text here without any prefixes;
[13:01:09 21-07-2022] -> Some text here without any prefixes;
[13:01:46 21-07-2022][Joe Mama] -> A text with a username as prefix;
[13:01:47 21-07-2022][Joe Mama] -> A text with a username as prefix;